Line 43: Class b8Controls4.b8Line of control b8Line2 was not a loaded control class.
Line 54: Class MSComctlLib.Toolbar of control tbMenu was not a loaded control class.
Line 130: Class b8Controls4.b8Menu of control b8Menus was not a loaded control class.
Line 166: Class b8Controls4.b8Menu of control b8Menus was not a loaded control class.
Line 202: Class b8Controls4.b8Menu of control b8Menus was not a loaded control class.
Line 238: Class b8Controls4.b8Menu of control b8Menus was not a loaded control class.
Line 274: Class b8Controls4.b8Menu of control b8Menus was not a loaded control class.
Line 310: Class b8Controls4.b8Line of control b8Line1 was not a loaded control class.
Line 321: Class b8Controls4.b8Menu of control b8Menus was not a loaded control class.
Line 357: Class b8Controls4.b8Menu of control b8Menus was not a loaded control class.
Line 394: Class b8Controls4.b8Line of control b8LLogoB was not a loaded control class.
Line 406: Class b8Controls4.b8SBtop of control b8SBT was not a loaded control class.
Line 436: Class b8Controls4.b8ClientWin of control b8CW was not a loaded control class.
Line 476: Class b8Controls4.b8SBCenter of control b8SBC was not a loaded control class.
Line 486: Class b8Controls4.b8SideTab of control b8ST was not a loaded control class.
Line 512: Class MSComctlLib.ListView of control listQL was not a loaded control class.
Line 544: Class MSComctlLib.ImageList of control ilQL was not a loaded control class.
Line 563: Class b8Controls4.b8SideTab of control b8ST was not a loaded control class.
Line 679: Class b8Controls4.b8SideTab of control b8ST was not a loaded control class.
Line 706: Class b8Controls4.b8DatePicker of control b8DateP was not a loaded control class.
Line 799: Class Crystal.CrystalReport of control CrystalReport1 was not a loaded control class.
Line 815: Class MSComctlLib.ImageList of control i16x16g was not a loaded control class.
Line 853: Class MSComctlLib.ImageList of control ig24x24 was not a loaded control class.
Line 871: Class MSComctlLib.ImageList of control i16x16 was not a loaded control class.
Line 945: Class MSComctlLib.ImageList of control itb32x32 was not a loaded control class.
Line 1027: Class MSComctlLib.ImageList of control ImageList1 was not a loaded control class.
Line 1065: Class MSComctlLib.ImageList of control ImageList2 was not a loaded control class.
Line 1083: Class MSComctlLib.ImageList of control ImageList3 was not a loaded control class.
Line 1157: Class MSComctlLib.ImageList of control ImageList4 was not a loaded control class.
Line 1239: Class Crystal.CrystalReport of control CR was not a loaded control class.
